2025-08-26 16:48:08,749 INFO  [main] org.demo.AppMain - Starting AppMain using Java 21.0.1 with PID 7716 (C:\Users\zahar\OneDrive\Desktop\GlobalLogic\java-playground\demo-AOP\target\classes started by zahar in C:\Users\zahar\OneDrive\Desktop\GlobalLogic\java-playground\demo-AOP)
2025-08-26 16:48:08,752 INFO  [main] org.demo.AppMain - No active profile set, falling back to 1 default profile: "default"
2025-08-26 16:48:08,828 WARN  [main] o.s.b.c.ConfigurationWarningsApplicationContextInitializer - 

** WARNING ** : Your ApplicationContext is unlikely to start due to a @ComponentScan of 'org'.


2025-08-26 16:48:09,443 WARN  [main] o.s.c.a.AnnotationConfigApplicationContext - Exception encountered during context initialization - cancelling refresh attempt: org.springframework.beans.factory.BeanDefinitionStoreException: Failed to read candidate component class: URL [jar:file:/C:/Users/zahar/.m2/repository/org/springframework/boot/spring-boot-autoconfigure/3.1.3/spring-boot-autoconfigure-3.1.3.jar!/org/springframework/boot/autoconfigure/r2dbc/ConnectionFactoryConfigurations$PoolConfiguration.class]
2025-08-26 16:48:09,451 INFO  [main] o.s.b.a.l.ConditionEvaluationReportLogger - 

Error starting ApplicationContext. To display the condition evaluation report re-run your application with 'debug' enabled.
2025-08-26 16:48:09,477 ERROR [main] o.s.boot.SpringApplication - Application run failed
org.springframework.beans.factory.BeanDefinitionStoreException: Failed to read candidate component class: URL [jar:file:/C:/Users/zahar/.m2/repository/org/springframework/boot/spring-boot-autoconfigure/3.1.3/spring-boot-autoconfigure-3.1.3.jar!/org/springframework/boot/autoconfigure/r2dbc/ConnectionFactoryConfigurations$PoolConfiguration.class]
	at org.springframework.context.annotation.ClassPathScanningCandidateComponentProvider.scanCandidateComponents(ClassPathScanningCandidateComponentProvider.java:463)
	at org.springframework.context.annotation.ClassPathScanningCandidateComponentProvider.findCandidateComponents(ClassPathScanningCandidateComponentProvider.java:317)
	at org.springframework.context.annotation.ClassPathBeanDefinitionScanner.doScan(ClassPathBeanDefinitionScanner.java:276)
	at org.springframework.context.annotation.ComponentScanAnnotationParser.parse(ComponentScanAnnotationParser.java:128)
	at org.springframework.context.annotation.ConfigurationClassParser.doProcessConfigurationClass(ConfigurationClassParser.java:289)
	at org.springframework.context.annotation.ConfigurationClassParser.processConfigurationClass(ConfigurationClassParser.java:243)
	at org.springframework.context.annotation.ConfigurationClassParser.parse(ConfigurationClassParser.java:196)
	at org.springframework.context.annotation.ConfigurationClassParser.parse(ConfigurationClassParser.java:164)
	at org.springframework.context.annotation.ConfigurationClassPostProcessor.processConfigBeanDefinitions(ConfigurationClassPostProcessor.java:415)
	at org.springframework.context.annotation.ConfigurationClassPostProcessor.postProcessBeanDefinitionRegistry(ConfigurationClassPostProcessor.java:287)
	at org.springframework.context.support.PostProcessorRegistrationDelegate.invokeBeanDefinitionRegistryPostProcessors(PostProcessorRegistrationDelegate.java:344)
	at org.springframework.context.support.PostProcessorRegistrationDelegate.invokeBeanFactoryPostProcessors(PostProcessorRegistrationDelegate.java:115)
	at org.springframework.context.support.AbstractApplicationContext.invokeBeanFactoryPostProcessors(AbstractApplicationContext.java:771)
	at org.springframework.context.support.AbstractApplicationContext.refresh(AbstractApplicationContext.java:589)
	at org.springframework.boot.SpringApplication.refresh(SpringApplication.java:734)
	at org.springframework.boot.SpringApplication.refreshContext(SpringApplication.java:436)
	at org.springframework.boot.SpringApplication.run(SpringApplication.java:312)
	at org.springframework.boot.SpringApplication.run(SpringApplication.java:1306)
	at org.springframework.boot.SpringApplication.run(SpringApplication.java:1295)
	at org.demo.AppMain.main(AppMain.java:24)
Caused by: java.lang.IllegalStateException: Could not evaluate condition on org.springframework.boot.autoconfigure.r2dbc.ConnectionFactoryConfigurations$PoolConfiguration due to io/r2dbc/spi/ValidationDepth not found. Make sure your own configuration does not rely on that class. This can also happen if you are @ComponentScanning a springframework package (e.g. if you put a @ComponentScan in the default package by mistake)
	at org.springframework.boot.autoconfigure.condition.SpringBootCondition.matches(SpringBootCondition.java:54)
	at org.springframework.context.annotation.ConditionEvaluator.shouldSkip(ConditionEvaluator.java:108)
	at org.springframework.context.annotation.ConditionEvaluator.shouldSkip(ConditionEvaluator.java:88)
	at org.springframework.context.annotation.ConditionEvaluator.shouldSkip(ConditionEvaluator.java:71)
	at org.springframework.context.annotation.ClassPathScanningCandidateComponentProvider.isConditionMatch(ClassPathScanningCandidateComponentProvider.java:518)
	at org.springframework.context.annotation.ClassPathScanningCandidateComponentProvider.isCandidateComponent(ClassPathScanningCandidateComponentProvider.java:501)
	at org.springframework.context.annotation.ClassPathScanningCandidateComponentProvider.scanCandidateComponents(ClassPathScanningCandidateComponentProvider.java:436)
	... 19 common frames omitted
Caused by: java.lang.NoClassDefFoundError: io/r2dbc/spi/ValidationDepth
	at java.base/java.lang.Class.getDeclaredFields0(Native Method)
	at java.base/java.lang.Class.privateGetDeclaredFields(Class.java:3473)
	at java.base/java.lang.Class.getDeclaredField(Class.java:2780)
	at org.springframework.boot.context.properties.bind.DefaultBindConstructorProvider$Constructors.isInnerClass(DefaultBindConstructorProvider.java:144)
	at org.springframework.boot.context.properties.bind.DefaultBindConstructorProvider$Constructors.getCandidateConstructors(DefaultBindConstructorProvider.java:134)
	at org.springframework.boot.context.properties.bind.DefaultBindConstructorProvider$Constructors.getConstructors(DefaultBindConstructorProvider.java:103)
	at org.springframework.boot.context.properties.bind.DefaultBindConstructorProvider.getBindConstructor(DefaultBindConstructorProvider.java:42)
	at org.springframework.boot.context.properties.bind.ValueObjectBinder$ValueObject.get(ValueObjectBinder.java:190)
	at org.springframework.boot.context.properties.bind.ValueObjectBinder.bind(ValueObjectBinder.java:67)
	at org.springframework.boot.context.properties.bind.Binder.lambda$bindDataObject$5(Binder.java:482)
	at org.springframework.boot.context.properties.bind.Binder$Context.withIncreasedDepth(Binder.java:596)
	at org.springframework.boot.context.properties.bind.Binder$Context.withDataObject(Binder.java:582)
	at org.springframework.boot.context.properties.bind.Binder.bindDataObject(Binder.java:480)
	at org.springframework.boot.context.properties.bind.Binder.bindObject(Binder.java:419)
	at org.springframework.boot.context.properties.bind.Binder.bind(Binder.java:348)
	at org.springframework.boot.context.properties.bind.Binder.bind(Binder.java:337)
	at org.springframework.boot.context.properties.bind.Binder.bind(Binder.java:267)
	at org.springframework.boot.context.properties.bind.Binder.bind(Binder.java:228)
	at org.springframework.boot.autoconfigure.r2dbc.ConnectionFactoryConfigurations$PooledConnectionFactoryCondition.getMatchOutcome(ConnectionFactoryConfigurations.java:148)
	at org.springframework.boot.autoconfigure.condition.SpringBootCondition.matches(SpringBootCondition.java:47)
	... 25 common frames omitted
Caused by: java.lang.ClassNotFoundException: io.r2dbc.spi.ValidationDepth
	at java.base/jdk.internal.loader.BuiltinClassLoader.loadClass(BuiltinClassLoader.java:641)
	at java.base/jdk.internal.loader.ClassLoaders$AppClassLoader.loadClass(ClassLoaders.java:188)
	at java.base/java.lang.ClassLoader.loadClass(ClassLoader.java:526)
	... 45 common frames omitted
2025-08-26 16:49:43,572 INFO  [main] org.demo.AppMain - Starting AppMain using Java 21.0.1 with PID 15992 (C:\Users\zahar\OneDrive\Desktop\GlobalLogic\java-playground\demo-AOP\target\classes started by zahar in C:\Users\zahar\OneDrive\Desktop\GlobalLogic\java-playground\demo-AOP)
2025-08-26 16:49:43,576 INFO  [main] org.demo.AppMain - No active profile set, falling back to 1 default profile: "default"
2025-08-26 16:49:43,642 WARN  [main] o.s.b.c.ConfigurationWarningsApplicationContextInitializer - 

** WARNING ** : Your ApplicationContext is unlikely to start due to a @ComponentScan of 'org'.


2025-08-26 16:49:44,135 WARN  [main] o.s.c.a.AnnotationConfigApplicationContext - Exception encountered during context initialization - cancelling refresh attempt: org.springframework.beans.factory.BeanDefinitionStoreException: Failed to read candidate component class: URL [jar:file:/C:/Users/zahar/.m2/repository/org/springframework/boot/spring-boot-autoconfigure/3.1.3/spring-boot-autoconfigure-3.1.3.jar!/org/springframework/boot/autoconfigure/r2dbc/ConnectionFactoryConfigurations$PoolConfiguration.class]
2025-08-26 16:49:44,139 INFO  [main] o.s.b.a.l.ConditionEvaluationReportLogger - 

Error starting ApplicationContext. To display the condition evaluation report re-run your application with 'debug' enabled.
2025-08-26 16:49:44,157 ERROR [main] o.s.boot.SpringApplication - Application run failed
org.springframework.beans.factory.BeanDefinitionStoreException: Failed to read candidate component class: URL [jar:file:/C:/Users/zahar/.m2/repository/org/springframework/boot/spring-boot-autoconfigure/3.1.3/spring-boot-autoconfigure-3.1.3.jar!/org/springframework/boot/autoconfigure/r2dbc/ConnectionFactoryConfigurations$PoolConfiguration.class]
	at org.springframework.context.annotation.ClassPathScanningCandidateComponentProvider.scanCandidateComponents(ClassPathScanningCandidateComponentProvider.java:463)
	at org.springframework.context.annotation.ClassPathScanningCandidateComponentProvider.findCandidateComponents(ClassPathScanningCandidateComponentProvider.java:317)
	at org.springframework.context.annotation.ClassPathBeanDefinitionScanner.doScan(ClassPathBeanDefinitionScanner.java:276)
	at org.springframework.context.annotation.ComponentScanAnnotationParser.parse(ComponentScanAnnotationParser.java:128)
	at org.springframework.context.annotation.ConfigurationClassParser.doProcessConfigurationClass(ConfigurationClassParser.java:289)
	at org.springframework.context.annotation.ConfigurationClassParser.processConfigurationClass(ConfigurationClassParser.java:243)
	at org.springframework.context.annotation.ConfigurationClassParser.parse(ConfigurationClassParser.java:196)
	at org.springframework.context.annotation.ConfigurationClassParser.parse(ConfigurationClassParser.java:164)
	at org.springframework.context.annotation.ConfigurationClassPostProcessor.processConfigBeanDefinitions(ConfigurationClassPostProcessor.java:415)
	at org.springframework.context.annotation.ConfigurationClassPostProcessor.postProcessBeanDefinitionRegistry(ConfigurationClassPostProcessor.java:287)
	at org.springframework.context.support.PostProcessorRegistrationDelegate.invokeBeanDefinitionRegistryPostProcessors(PostProcessorRegistrationDelegate.java:344)
	at org.springframework.context.support.PostProcessorRegistrationDelegate.invokeBeanFactoryPostProcessors(PostProcessorRegistrationDelegate.java:115)
	at org.springframework.context.support.AbstractApplicationContext.invokeBeanFactoryPostProcessors(AbstractApplicationContext.java:771)
	at org.springframework.context.support.AbstractApplicationContext.refresh(AbstractApplicationContext.java:589)
	at org.springframework.boot.SpringApplication.refresh(SpringApplication.java:734)
	at org.springframework.boot.SpringApplication.refreshContext(SpringApplication.java:436)
	at org.springframework.boot.SpringApplication.run(SpringApplication.java:312)
	at org.springframework.boot.SpringApplication.run(SpringApplication.java:1306)
	at org.springframework.boot.SpringApplication.run(SpringApplication.java:1295)
	at org.demo.AppMain.main(AppMain.java:24)
Caused by: java.lang.IllegalStateException: Could not evaluate condition on org.springframework.boot.autoconfigure.r2dbc.ConnectionFactoryConfigurations$PoolConfiguration due to io/r2dbc/spi/ValidationDepth not found. Make sure your own configuration does not rely on that class. This can also happen if you are @ComponentScanning a springframework package (e.g. if you put a @ComponentScan in the default package by mistake)
	at org.springframework.boot.autoconfigure.condition.SpringBootCondition.matches(SpringBootCondition.java:54)
	at org.springframework.context.annotation.ConditionEvaluator.shouldSkip(ConditionEvaluator.java:108)
	at org.springframework.context.annotation.ConditionEvaluator.shouldSkip(ConditionEvaluator.java:88)
	at org.springframework.context.annotation.ConditionEvaluator.shouldSkip(ConditionEvaluator.java:71)
	at org.springframework.context.annotation.ClassPathScanningCandidateComponentProvider.isConditionMatch(ClassPathScanningCandidateComponentProvider.java:518)
	at org.springframework.context.annotation.ClassPathScanningCandidateComponentProvider.isCandidateComponent(ClassPathScanningCandidateComponentProvider.java:501)
	at org.springframework.context.annotation.ClassPathScanningCandidateComponentProvider.scanCandidateComponents(ClassPathScanningCandidateComponentProvider.java:436)
	... 19 common frames omitted
Caused by: java.lang.NoClassDefFoundError: io/r2dbc/spi/ValidationDepth
	at java.base/java.lang.Class.getDeclaredFields0(Native Method)
	at java.base/java.lang.Class.privateGetDeclaredFields(Class.java:3473)
	at java.base/java.lang.Class.getDeclaredField(Class.java:2780)
	at org.springframework.boot.context.properties.bind.DefaultBindConstructorProvider$Constructors.isInnerClass(DefaultBindConstructorProvider.java:144)
	at org.springframework.boot.context.properties.bind.DefaultBindConstructorProvider$Constructors.getCandidateConstructors(DefaultBindConstructorProvider.java:134)
	at org.springframework.boot.context.properties.bind.DefaultBindConstructorProvider$Constructors.getConstructors(DefaultBindConstructorProvider.java:103)
	at org.springframework.boot.context.properties.bind.DefaultBindConstructorProvider.getBindConstructor(DefaultBindConstructorProvider.java:42)
	at org.springframework.boot.context.properties.bind.ValueObjectBinder$ValueObject.get(ValueObjectBinder.java:190)
	at org.springframework.boot.context.properties.bind.ValueObjectBinder.bind(ValueObjectBinder.java:67)
	at org.springframework.boot.context.properties.bind.Binder.lambda$bindDataObject$5(Binder.java:482)
	at org.springframework.boot.context.properties.bind.Binder$Context.withIncreasedDepth(Binder.java:596)
	at org.springframework.boot.context.properties.bind.Binder$Context.withDataObject(Binder.java:582)
	at org.springframework.boot.context.properties.bind.Binder.bindDataObject(Binder.java:480)
	at org.springframework.boot.context.properties.bind.Binder.bindObject(Binder.java:419)
	at org.springframework.boot.context.properties.bind.Binder.bind(Binder.java:348)
	at org.springframework.boot.context.properties.bind.Binder.bind(Binder.java:337)
	at org.springframework.boot.context.properties.bind.Binder.bind(Binder.java:267)
	at org.springframework.boot.context.properties.bind.Binder.bind(Binder.java:228)
	at org.springframework.boot.autoconfigure.r2dbc.ConnectionFactoryConfigurations$PooledConnectionFactoryCondition.getMatchOutcome(ConnectionFactoryConfigurations.java:148)
	at org.springframework.boot.autoconfigure.condition.SpringBootCondition.matches(SpringBootCondition.java:47)
	... 25 common frames omitted
Caused by: java.lang.ClassNotFoundException: io.r2dbc.spi.ValidationDepth
	at java.base/jdk.internal.loader.BuiltinClassLoader.loadClass(BuiltinClassLoader.java:641)
	at java.base/jdk.internal.loader.ClassLoaders$AppClassLoader.loadClass(ClassLoaders.java:188)
	at java.base/java.lang.ClassLoader.loadClass(ClassLoader.java:526)
	... 45 common frames omitted
2025-08-26 16:50:56,903 INFO  [main] org.demo.AppMain - Starting AppMain using Java 21.0.1 with PID 21832 (C:\Users\zahar\OneDrive\Desktop\GlobalLogic\java-playground\demo-AOP\target\classes started by zahar in C:\Users\zahar\OneDrive\Desktop\GlobalLogic\java-playground\demo-AOP)
2025-08-26 16:50:56,906 INFO  [main] org.demo.AppMain - No active profile set, falling back to 1 default profile: "default"
2025-08-26 16:50:58,059 INFO  [main] org.demo.AppMain - Started AppMain in 1.628 seconds (process running for 2.271)
2025-08-26 16:53:25,668 INFO  [main] org.demo.AppMain - Starting AppMain using Java 21.0.1 with PID 20092 (C:\Users\zahar\OneDrive\Desktop\GlobalLogic\java-playground\demo-AOP\target\classes started by zahar in C:\Users\zahar\OneDrive\Desktop\GlobalLogic\java-playground\demo-AOP)
2025-08-26 16:53:25,672 INFO  [main] org.demo.AppMain - No active profile set, falling back to 1 default profile: "default"
2025-08-26 16:53:26,525 INFO  [main] org.demo.AppMain - Started AppMain in 1.315 seconds (process running for 1.953)
